\BOOKMARK [1][-]{section*.1}{\376\377\000A\000b\000s\000t\000r\000a\000c\000t}{}% 1
\BOOKMARK [1][-]{section*.2}{\376\377\000W\000h\000a\000t\000\040\000p\000a\000r\000a\000d\000i\000g\000m\000s\000\040\000c\000a\000n\000\040\000w\000e\000b\000c\000a\000m\000\040\000e\000y\000e\000-\000t\000r\000a\000c\000k\000i\000n\000g\000\040\000b\000e\000\040\000u\000s\000e\000d\000\040\000f\000o\000r\000?\000\040\000A\000t\000t\000e\000m\000p\000t\000e\000d\000\040\000r\000e\000p\000l\000i\000c\000a\000t\000i\000o\000n\000s\000\040\000o\000f\000\040\0005\000\040\000`\000`\000c\000l\000a\000s\000s\000i\000c\000'\000'\000\040\000c\000o\000g\000n\000i\000t\000i\000v\000e\000\040\000s\000c\000i\000e\000n\000c\000e\000\040\000e\000x\000p\000e\000r\000i\000m\000e\000n\000t\000s}{}% 2
\BOOKMARK [1][-]{section*.3}{\376\377\000P\000r\000e\000s\000e\000n\000t\000\040\000w\000o\000r\000k}{}% 3
\BOOKMARK [2][-]{section*.4}{\376\377\000S\000e\000l\000e\000c\000t\000i\000o\000n\000\040\000o\000f\000\040\000S\000t\000u\000d\000i\000e\000s}{section*.3}% 4
\BOOKMARK [1][-]{section*.7}{\376\377\000G\000e\000n\000e\000r\000a\000l\000\040\000M\000e\000t\000h\000o\000d\000s}{}% 5
\BOOKMARK [2][-]{section*.8}{\376\377\000P\000a\000r\000t\000i\000c\000i\000p\000a\000n\000t\000s}{section*.7}% 6
\BOOKMARK [2][-]{section*.9}{\376\377\000E\000q\000u\000i\000p\000m\000e\000n\000t}{section*.7}% 7
\BOOKMARK [2][-]{section*.10}{\376\377\000E\000y\000e\000-\000t\000r\000a\000c\000k\000i\000n\000g\000\040\000C\000a\000l\000i\000b\000r\000a\000t\000i\000o\000n\000\040\000a\000n\000d\000\040\000V\000a\000l\000i\000d\000a\000t\000i\000o\000n}{section*.7}% 8
\BOOKMARK [2][-]{section*.11}{\376\377\000D\000a\000t\000a\000\040\000p\000r\000e\000-\000p\000r\000o\000c\000e\000s\000s\000i\000n\000g}{section*.7}% 9
\BOOKMARK [1][-]{section*.12}{\376\377\000E\000x\000p\000e\000r\000i\000m\000e\000n\000t\000\040\0001}{}% 10
\BOOKMARK [2][-]{section*.13}{\376\377\000M\000e\000t\000h\000o\000d\000s}{section*.12}% 11
\BOOKMARK [3][-]{section*.14}{\376\377\000P\000a\000r\000t\000i\000c\000i\000p\000a\000n\000t\000s}{section*.13}% 12
\BOOKMARK [3][-]{section*.17}{\376\377\000P\000r\000o\000c\000e\000d\000u\000r\000e}{section*.13}% 13
\BOOKMARK [3][-]{section*.19}{\376\377\000M\000a\000t\000e\000r\000i\000a\000l\000s\000\040\000\046\000\040\000D\000e\000s\000i\000g\000n}{section*.13}% 14
\BOOKMARK [3][-]{section*.21}{\376\377\000D\000a\000t\000a\000\040\000p\000r\000e\000-\000p\000r\000o\000c\000e\000s\000s\000i\000n\000g\000\040\000a\000n\000d\000\040\000a\000n\000a\000l\000y\000s\000i\000s}{section*.13}% 15
\BOOKMARK [2][-]{section*.22}{\376\377\000R\000e\000s\000u\000l\000t\000s}{section*.12}% 16
\BOOKMARK [3][-]{section*.23}{\376\377\000R\000e\000m\000o\000t\000e\000\040\000s\000a\000m\000p\000l\000e}{section*.22}% 17
\BOOKMARK [3][-]{section*.32}{\376\377\000I\000n\000-\000l\000a\000b\000\040\000s\000a\000m\000p\000l\000e}{section*.22}% 18
\BOOKMARK [2][-]{section*.39}{\376\377\000D\000i\000s\000c\000u\000s\000s\000i\000o\000n}{section*.12}% 19
\BOOKMARK [1][-]{section*.40}{\376\377\000E\000x\000p\000e\000r\000i\000m\000e\000n\000t\000\040\0002}{}% 20
\BOOKMARK [2][-]{section*.41}{\376\377\000M\000e\000t\000h\000o\000d\000s}{section*.40}% 21
\BOOKMARK [3][-]{section*.42}{\376\377\000P\000a\000r\000t\000i\000c\000i\000p\000a\000n\000t\000s}{section*.41}% 22
\BOOKMARK [3][-]{section*.43}{\376\377\000P\000r\000o\000c\000e\000d\000u\000r\000e}{section*.41}% 23
\BOOKMARK [2][-]{section*.44}{\376\377\000R\000e\000s\000u\000l\000t\000s}{section*.40}% 24
\BOOKMARK [3][-]{section*.45}{\376\377\000R\000e\000p\000l\000i\000c\000a\000t\000i\000o\000n}{section*.44}% 25
\BOOKMARK [3][-]{section*.46}{\376\377\000C\000a\000l\000i\000b\000r\000a\000t\000i\000o\000n}{section*.44}% 26
\BOOKMARK [2][-]{section*.47}{\376\377\000D\000i\000s\000c\000u\000s\000s\000i\000o\000n}{section*.40}% 27
\BOOKMARK [1][-]{section*.48}{\376\377\000E\000x\000p\000e\000r\000i\000m\000e\000n\000t\000\040\0003}{}% 28
\BOOKMARK [2][-]{section*.49}{\376\377\000M\000e\000t\000h\000o\000d\000s}{section*.48}% 29
\BOOKMARK [3][-]{section*.50}{\376\377\000P\000a\000r\000t\000i\000c\000i\000p\000a\000n\000t\000s}{section*.49}% 30
\BOOKMARK [3][-]{section*.51}{\376\377\000P\000r\000o\000c\000e\000d\000u\000r\000e}{section*.49}% 31
\BOOKMARK [3][-]{section*.52}{\376\377\000M\000a\000t\000e\000r\000i\000a\000l\000s}{section*.49}% 32
\BOOKMARK [2][-]{section*.53}{\376\377\000R\000e\000s\000u\000l\000t\000s}{section*.48}% 33
\BOOKMARK [3][-]{section*.56}{\376\377\000E\000f\000f\000e\000c\000t\000s\000\040\000o\000f\000\040\000R\000O\000I\000s}{section*.53}% 34
\BOOKMARK [3][-]{section*.59}{\376\377\000C\000a\000l\000i\000b\000r\000a\000t\000i\000o\000n}{section*.53}% 35
\BOOKMARK [2][-]{section*.62}{\376\377\000D\000i\000s\000c\000u\000s\000s\000i\000o\000n}{section*.48}% 36
\BOOKMARK [1][-]{section*.63}{\376\377\000E\000x\000p\000e\000r\000i\000m\000e\000n\000t\000\040\0004}{}% 37
\BOOKMARK [2][-]{section*.64}{\376\377\000M\000e\000t\000h\000o\000d\000s}{section*.63}% 38
\BOOKMARK [3][-]{section*.65}{\376\377\000P\000a\000r\000t\000i\000c\000i\000p\000a\000n\000t\000s}{section*.64}% 39
\BOOKMARK [3][-]{section*.66}{\376\377\000P\000r\000o\000c\000e\000d\000u\000r\000e}{section*.64}% 40
\BOOKMARK [3][-]{section*.67}{\376\377\000M\000a\000t\000e\000r\000i\000a\000l\000s}{section*.64}% 41
\BOOKMARK [2][-]{section*.68}{\376\377\000R\000e\000s\000u\000l\000t\000s}{section*.63}% 42
\BOOKMARK [3][-]{section*.69}{\376\377\000R\000e\000p\000l\000i\000c\000a\000t\000i\000o\000n}{section*.68}% 43
\BOOKMARK [3][-]{section*.70}{\376\377\000C\000o\000m\000p\000a\000r\000i\000s\000o\000n\000\040\000t\000o\000\040\000i\000n\000-\000l\000a\000b\000\040\000d\000a\000t\000a}{section*.68}% 44
\BOOKMARK [3][-]{section*.71}{\376\377\000C\000a\000l\000i\000b\000r\000a\000t\000i\000o\000n}{section*.68}% 45
\BOOKMARK [3][-]{section*.72}{\376\377\000E\000f\000f\000e\000c\000t\000s\000\040\000o\000f\000\040\000R\000O\000I\000s}{section*.68}% 46
\BOOKMARK [2][-]{section*.73}{\376\377\000D\000i\000s\000c\000u\000s\000s\000i\000o\000n}{section*.63}% 47
\BOOKMARK [1][-]{section*.74}{\376\377\000E\000x\000p\000e\000r\000i\000m\000e\000n\000t\000\040\0005}{}% 48
\BOOKMARK [2][-]{section*.75}{\376\377\000M\000e\000t\000h\000o\000d\000s}{section*.74}% 49
\BOOKMARK [3][-]{section*.76}{\376\377\000P\000a\000r\000t\000i\000c\000i\000p\000a\000n\000t\000s}{section*.75}% 50
\BOOKMARK [3][-]{section*.77}{\376\377\000P\000r\000o\000c\000e\000d\000u\000r\000e\000\040\000a\000n\000d\000\040\000D\000e\000s\000i\000g\000n}{section*.75}% 51
\BOOKMARK [3][-]{section*.78}{\376\377\000M\000a\000t\000e\000r\000i\000a\000l\000s\000\040\000a\000n\000d\000\040\000N\000o\000r\000m\000i\000n\000g}{section*.75}% 52
\BOOKMARK [3][-]{section*.79}{\376\377\000D\000a\000t\000a\000\040\000a\000n\000a\000l\000y\000s\000i\000s}{section*.75}% 53
\BOOKMARK [2][-]{section*.80}{\376\377\000R\000e\000s\000u\000l\000t\000s}{section*.74}% 54
\BOOKMARK [3][-]{section*.81}{\376\377\000C\000a\000l\000i\000b\000r\000a\000t\000i\000o\000n}{section*.80}% 55
\BOOKMARK [3][-]{section*.82}{\376\377\000E\000f\000f\000e\000c\000t\000s\000\040\000o\000f\000\040\000R\000O\000I\000s}{section*.80}% 56
\BOOKMARK [2][-]{section*.83}{\376\377\000D\000i\000s\000c\000u\000s\000s\000i\000o\000n}{section*.74}% 57
\BOOKMARK [1][-]{section*.84}{\376\377\000C\000o\000m\000b\000i\000n\000e\000d\000\040\000A\000n\000a\000l\000y\000s\000e\000s\000?}{}% 58
\BOOKMARK [1][-]{section*.85}{\376\377\000G\000e\000n\000e\000r\000a\000l\000\040\000D\000i\000s\000c\000u\000s\000s\000i\000o\000n}{}% 59
\BOOKMARK [1][-]{section*.86}{\376\377\000R\000e\000f\000e\000r\000e\000n\000c\000e\000s}{}% 60
